2018-05-24 12:44:47,752 INFO  [org.alfresco.repo.admin] [localhost-startStop-1] Using database URL 'jdbc:h2:C:\a\repo\alfresco-sdk\repo/alf_data_dev/h2_data/alf_dev;AUTO_SERVER=TRUE;DB_CLOSE_ON_EXIT=FALSE;LOCK_TIMEOUT=10000;MVCC=FALSE;LOCK_MODE=0' with user 'alfresco'.
2018-05-24 12:44:47,783 INFO  [org.alfresco.repo.admin] [localhost-startStop-1] Connected to database H2 version 1.4.190 (2015-10-11)
2018-05-24 12:45:08,072 INFO  [org.alfresco.repo.domain.schema.SchemaBootstrap] [localhost-startStop-1] Ignoring script patch (post-Hibernate): patch.db-V4.2-metadata-query-indexes
2018-05-24 12:45:08,074 INFO  [org.alfresco.repo.domain.schema.SchemaBootstrap] [localhost-startStop-1] Ignoring script patch (post-Hibernate): patch.db-V5.1-metadata-query-indexes
2018-05-24 12:45:08,075 INFO  [org.alfresco.repo.domain.schema.SchemaBootstrap] [localhost-startStop-1] Ignoring script patch (post-Hibernate): patch.db-V5.2-remove-jbpm-tables-from-db
2018-05-24 12:45:54,075 INFO  [org.alfresco.repo.management.subsystems.ChildApplicationContextFactory] [localhost-startStop-1] Starting 'Authentication' subsystem, ID: [Authentication, managed, alfrescoNtlm1]
2018-05-24 12:45:55,066 INFO  [org.alfresco.repo.management.subsystems.ChildApplicationContextFactory] [localhost-startStop-1] Startup of 'Authentication' subsystem, ID: [Authentication, managed, alfrescoNtlm1] complete
2018-05-24 12:46:17,636 INFO  [org.springframework.extensions.webscripts.TemplateProcessorRegistry] [localhost-startStop-1] Registered template processor Repository Template Processor for extension ftl
2018-05-24 12:46:17,657 INFO  [org.springframework.extensions.webscripts.ScriptProcessorRegistry] [localhost-startStop-1] Registered script processor Repository Script Processor for extension js
2018-05-24 12:46:44,103 INFO  [org.alfresco.repo.management.subsystems.ChildApplicationContextFactory] [localhost-startStop-1] Starting 'ContentStore' subsystem, ID: [ContentStore, managed, unencrypted]
2018-05-24 12:46:44,600 INFO  [org.alfresco.repo.management.subsystems.ChildApplicationContextFactory] [localhost-startStop-1] Startup of 'ContentStore' subsystem, ID: [ContentStore, managed, unencrypted] complete
2018-05-24 12:46:44,997 INFO  [org.alfresco.repo.domain.schema.SchemaBootstrap] [localhost-startStop-1] Connecting to database: jdbc:h2:C:\a\repo\alfresco-sdk\repo/alf_data_dev/h2_data/alf_dev, UserName=ALFRESCO, H2 JDBC Driver
2018-05-24 12:46:45,005 INFO  [org.alfresco.repo.domain.schema.SchemaBootstrap] [localhost-startStop-1] Schema managed by database dialect org.hibernate.dialect.H2Dialect.
2018-05-24 12:46:45,871 INFO  [org.alfresco.repo.domain.schema.SchemaBootstrap] [localhost-startStop-1] No changes were made to the schema.
2018-05-24 12:46:49,646 INFO  [org.alfresco.repo.management.subsystems.ChildApplicationContextFactory] [localhost-startStop-1] Starting 'thirdparty' subsystem, ID: [thirdparty, default]
2018-05-24 12:46:50,043 ERROR [org.alfresco.repo.content.transform.magick.AbstractImageMagickContentTransformerWorker] [localhost-startStop-1] ImageMagickContentTransformerWorker not available: 04240016 Failed to perform ImageMagick transformation: 
Execution result: 
   os:         Windows 8.1
   command:    ./ImageMagick/bin/convert C:\Users\Pc\AppData\Local\Temp\Alfresco\ImageMagickContentTransformerWorker_init_source_7116954830421656745.gif -strip C:\Users\Pc\AppData\Local\Temp\Alfresco\ImageMagickContentTransformerWorker_init_target_3911599892696138975.png
   succeeded:  false
   exit code:  1
   out:        
   err:        Cannot run program "./ImageMagick/bin/convert": CreateProcess error=2, Le fichier spécifié est introuvable
2018-05-24 12:46:50,047 INFO  [org.alfresco.repo.management.subsystems.ChildApplicationContextFactory] [localhost-startStop-1] Startup of 'thirdparty' subsystem, ID: [thirdparty, default] complete
2018-05-24 12:46:50,048 INFO  [org.alfresco.repo.management.subsystems.ChildApplicationContextFactory] [localhost-startStop-1] Starting 'OOoDirect' subsystem, ID: [OOoDirect, default]
2018-05-24 12:46:51,406 ERROR [org.alfresco.util.exec.RuntimeExecBootstrapBean] [localhost-startStop-1] Bootstrap command failed: 
Execution result: 
   os:         Windows 8.1
   command:    soffice -accept=socket,host=127.0.0.1,port=8100;urp;StarOffice.ServiceManager -env:UserInstallation=file:///C:/a/repo/alfresco-sdk/repo/alf_data_dev/oouser -headless -nocrashreport -nofirststartwizard -nologo -norestore
   succeeded:  false
   exit code:  2
   out:        
   err:        Cannot run program "soffice": CreateProcess error=2, Le fichier spécifié est introuvable
2018-05-24 12:46:53,601 WARN  [org.alfresco.util.OpenOfficeConnectionTester] [localhost-startStop-1] An initial OpenOffice connection could not be established.
2018-05-24 12:46:53,607 INFO  [org.alfresco.repo.management.subsystems.ChildApplicationContextFactory] [localhost-startStop-1] Startup of 'OOoDirect' subsystem, ID: [OOoDirect, default] complete
2018-05-24 12:46:53,615 INFO  [org.alfresco.repo.admin.ConfigurationChecker] [localhost-startStop-1] The root data directory ('dir.root') is: C:\a\repo\alfresco-sdk\repo\alf_data_dev
2018-05-24 12:46:53,616 INFO  [org.alfresco.repo.management.subsystems.ChildApplicationContextFactory] [localhost-startStop-1] Starting 'Search' subsystem, ID: [Search, managed, solr4]
2018-05-24 12:46:55,616 INFO  [org.alfresco.repo.management.subsystems.ChildApplicationContextFactory] [localhost-startStop-1] Startup of 'Search' subsystem, ID: [Search, managed, solr4] complete
2018-05-24 12:46:55,821 INFO  [org.alfresco.repo.admin.patch.PatchExecuter] [localhost-startStop-1] Checking for patches to apply ...
2018-05-24 12:46:57,456 INFO  [org.alfresco.repo.admin.patch.PatchExecuter] [localhost-startStop-1] No patches were required.
2018-05-24 12:46:57,571 INFO  [org.alfresco.repo.module.ModuleServiceImpl] [localhost-startStop-1] Found 3 module package(s).
2018-05-24 12:46:57,866 INFO  [org.alfresco.repo.module.ModuleServiceImpl] [localhost-startStop-1] Starting module 'repo-platform-jar' version 1.0-SNAPSHOT.
2018-05-24 12:46:58,236 INFO  [org.alfresco.repo.module.ModuleServiceImpl] [localhost-startStop-1] Starting module 'alfresco-share-services' version 5.2.0.
2018-05-24 12:46:58,325 INFO  [org.alfresco.repo.module.ModuleServiceImpl] [localhost-startStop-1] Starting module 'alfresco-trashcan-cleaner' version 2.2.
2018-05-24 12:46:58,375 INFO  [org.alfresco.repo.management.subsystems.ChildApplicationContextFactory] [localhost-startStop-1] Starting 'fileServers' subsystem, ID: [fileServers, default]
2018-05-24 12:46:59,694 INFO  [org.alfresco.repo.management.subsystems.ChildApplicationContextFactory] [localhost-startStop-1] Starting 'sysAdmin' subsystem, ID: [sysAdmin, default]
2018-05-24 12:46:59,756 INFO  [org.alfresco.repo.management.subsystems.ChildApplicationContextFactory] [localhost-startStop-1] Startup of 'sysAdmin' subsystem, ID: [sysAdmin, default] complete
2018-05-24 12:46:59,802 INFO  [org.alfresco.repo.management.subsystems.ChildApplicationContextFactory] [localhost-startStop-1] Startup of 'fileServers' subsystem, ID: [fileServers, default] complete
2018-05-24 12:46:59,803 INFO  [org.alfresco.repo.management.subsystems.ChildApplicationContextFactory] [localhost-startStop-1] Starting 'imap' subsystem, ID: [imap, default]
2018-05-24 12:47:00,146 INFO  [org.alfresco.repo.management.subsystems.ChildApplicationContextFactory] [localhost-startStop-1] Startup of 'imap' subsystem, ID: [imap, default] complete
2018-05-24 12:47:00,146 INFO  [org.alfresco.repo.management.subsystems.ChildApplicationContextFactory] [localhost-startStop-1] Starting 'email' subsystem, ID: [email, outbound]
2018-05-24 12:47:01,436 INFO  [org.alfresco.repo.management.subsystems.ChildApplicationContextFactory] [localhost-startStop-1] Startup of 'email' subsystem, ID: [email, outbound] complete
2018-05-24 12:47:01,437 INFO  [org.alfresco.repo.management.subsystems.ChildApplicationContextFactory] [localhost-startStop-1] Starting 'email' subsystem, ID: [email, inbound]
2018-05-24 12:47:01,731 INFO  [org.alfresco.repo.management.subsystems.ChildApplicationContextFactory] [localhost-startStop-1] Startup of 'email' subsystem, ID: [email, inbound] complete
2018-05-24 12:47:01,776 INFO  [org.alfresco.repo.management.subsystems.ChildApplicationContextFactory] [localhost-startStop-1] Starting 'Subscriptions' subsystem, ID: [Subscriptions, default]
2018-05-24 12:47:01,819 INFO  [org.alfresco.repo.management.subsystems.ChildApplicationContextFactory] [localhost-startStop-1] Startup of 'Subscriptions' subsystem, ID: [Subscriptions, default] complete
2018-05-24 12:47:01,870 INFO  [org.alfresco.repo.management.subsystems.ChildApplicationContextFactory] [localhost-startStop-1] Starting 'Synchronization' subsystem, ID: [Synchronization, default]
2018-05-24 12:47:02,192 INFO  [org.alfresco.repo.management.subsystems.ChildApplicationContextFactory] [localhost-startStop-1] Startup of 'Synchronization' subsystem, ID: [Synchronization, default] complete
2018-05-24 12:47:02,272 INFO  [org.alfresco.service.descriptor.DescriptorService] [localhost-startStop-1] Alfresco JVM - v1.8.0_91-b15; maximum heap size 1461,625MB
2018-05-24 12:47:02,272 INFO  [org.alfresco.service.descriptor.DescriptorService] [localhost-startStop-1] Server Mode :UNKNOWN
2018-05-24 12:47:02,287 INFO  [org.alfresco.service.descriptor.DescriptorService] [localhost-startStop-1] Alfresco Content Services started (Community). Current version: 5.2.0 (r135134-b14) schema 10 005. Originally installed version: 5.2.0 (r135134-b14) schema 10 005.
2018-05-24 12:47:02,307 INFO  [org.alfresco.repo.management.subsystems.ChildApplicationContextFactory] [localhost-startStop-1] Starting 'ActivitiesFeed' subsystem, ID: [ActivitiesFeed, default]
2018-05-24 12:47:02,876 INFO  [org.alfresco.repo.management.subsystems.ChildApplicationContextFactory] [localhost-startStop-1] Startup of 'ActivitiesFeed' subsystem, ID: [ActivitiesFeed, default] complete
2018-05-24 12:47:02,877 INFO  [org.alfresco.repo.management.subsystems.ChildApplicationContextFactory] [localhost-startStop-1] Starting 'Replication' subsystem, ID: [Replication, default]
2018-05-24 12:47:02,908 INFO  [org.alfresco.repo.management.subsystems.ChildApplicationContextFactory] [localhost-startStop-1] Startup of 'Replication' subsystem, ID: [Replication, default] complete
2018-05-24 12:47:34,031 INFO  [org.springframework.extensions.webscripts.DeclarativeRegistry] [asynchronouslyRefreshedCacheThreadPool1] Registered 400 Web Scripts (+0 failed), 549 URLs
2018-05-24 12:47:34,038 INFO  [org.springframework.extensions.webscripts.DeclarativeRegistry] [asynchronouslyRefreshedCacheThreadPool1] Registered 1 Package Description Documents (+0 failed) 
2018-05-24 12:47:34,039 INFO  [org.springframework.extensions.webscripts.DeclarativeRegistry] [asynchronouslyRefreshedCacheThreadPool1] Registered 0 Schema Description Documents (+0 failed) 
2018-05-24 12:47:49,919 INFO  [org.springframework.extensions.webscripts.DeclarativeRegistry] [localhost-startStop-1] Registered 400 Web Scripts (+0 failed), 549 URLs
2018-05-24 12:47:49,920 INFO  [org.springframework.extensions.webscripts.DeclarativeRegistry] [localhost-startStop-1] Registered 1 Package Description Documents (+0 failed) 
2018-05-24 12:47:49,920 INFO  [org.springframework.extensions.webscripts.DeclarativeRegistry] [localhost-startStop-1] Registered 0 Schema Description Documents (+0 failed) 
2018-05-24 12:47:49,965 INFO  [org.springframework.extensions.webscripts.AbstractRuntimeContainer] [localhost-startStop-1] Initialised Repository Web Script Container (in 41896.63ms)
2018-05-24 12:47:50,344 INFO  [org.springframework.extensions.webscripts.TemplateProcessorRegistry] [localhost-startStop-1] Registered template processor freemarker for extension ftl
2018-05-24 12:47:50,365 INFO  [org.springframework.extensions.webscripts.ScriptProcessorRegistry] [localhost-startStop-1] Registered script processor javascript for extension js
2018-05-24 12:48:05,069 INFO  [org.springframework.extensions.webscripts.DeclarativeRegistry] [asynchronouslyRefreshedCacheThreadPool1] Registered 400 Web Scripts (+0 failed), 549 URLs
2018-05-24 12:48:05,072 INFO  [org.springframework.extensions.webscripts.DeclarativeRegistry] [asynchronouslyRefreshedCacheThreadPool1] Registered 1 Package Description Documents (+0 failed) 
2018-05-24 12:48:05,073 INFO  [org.springframework.extensions.webscripts.DeclarativeRegistry] [asynchronouslyRefreshedCacheThreadPool1] Registered 0 Schema Description Documents (+0 failed) 
2018-05-24 12:48:06,019 INFO  [org.springframework.extensions.webscripts.DeclarativeRegistry] [asynchronouslyRefreshedCacheThreadPool1] Registered 13 Web Scripts (+0 failed), 102 URLs
2018-05-24 12:48:06,021 INFO  [org.springframework.extensions.webscripts.DeclarativeRegistry] [asynchronouslyRefreshedCacheThreadPool1] Registered 0 Package Description Documents (+0 failed) 
2018-05-24 12:48:06,022 INFO  [org.springframework.extensions.webscripts.DeclarativeRegistry] [asynchronouslyRefreshedCacheThreadPool1] Registered 0 Schema Description Documents (+0 failed) 
2018-05-24 12:48:06,514 INFO  [org.springframework.extensions.webscripts.DeclarativeRegistry] [localhost-startStop-1] Registered 13 Web Scripts (+0 failed), 102 URLs
2018-05-24 12:48:06,524 INFO  [org.springframework.extensions.webscripts.DeclarativeRegistry] [localhost-startStop-1] Registered 0 Package Description Documents (+0 failed) 
2018-05-24 12:48:06,526 INFO  [org.springframework.extensions.webscripts.DeclarativeRegistry] [localhost-startStop-1] Registered 0 Schema Description Documents (+0 failed) 
2018-05-24 12:48:06,578 INFO  [org.springframework.extensions.webscripts.AbstractRuntimeContainer] [localhost-startStop-1] Initialised Public Api Web Script Container (in 15773.567ms)
2018-05-24 12:48:07,183 INFO  [org.springframework.extensions.webscripts.DeclarativeRegistry] [asynchronouslyRefreshedCacheThreadPool1] Registered 13 Web Scripts (+0 failed), 102 URLs
2018-05-24 12:48:07,183 INFO  [org.springframework.extensions.webscripts.DeclarativeRegistry] [asynchronouslyRefreshedCacheThreadPool1] Registered 0 Package Description Documents (+0 failed) 
2018-05-24 12:48:07,184 INFO  [org.springframework.extensions.webscripts.DeclarativeRegistry] [asynchronouslyRefreshedCacheThreadPool1] Registered 0 Schema Description Documents (+0 failed) 
2018-05-24 12:52:13,968 DEBUG [repo.platformsample.HelloWorldWebScript] [http-bio-8080-exec-5] Your 'Hello World' Web Script was called!
2018-05-24 12:52:14,047 DEBUG [repo.platformsample.HelloWorldWebScript] [http-bio-8080-exec-3] Your 'Hello World' Web Script was called!
2018-05-24 12:53:56,844 DEBUG [repo.platformsample.HelloWorldWebScript] [http-bio-8080-exec-4] Your 'Hello World' Web Script was called!
2018-05-24 12:53:58,888 DEBUG [repo.platformsample.HelloWorldWebScript] [http-bio-8080-exec-4] Your 'Hello World' Web Script was called!
2018-05-24 12:53:59,860 DEBUG [repo.platformsample.HelloWorldWebScript] [http-bio-8080-exec-4] Your 'Hello World' Web Script was called!
2018-05-24 12:54:02,691 DEBUG [repo.platformsample.HelloWorldWebScript] [http-bio-8080-exec-4] Your 'Hello World' Web Script was called!
2018-05-24 12:55:13,025 DEBUG [repo.platformsample.HelloWorldWebScript] [http-bio-8080-exec-9] Your 'Hello World' Web Script was called!
